2023-08-22T09:32:23.214+0800	[34mINFO[0m	minioHandler/Minio.go:69	tiktokimages æ¡¶å·²å­˜åœ¨
2023-08-22T09:32:23.238+0800	[34mINFO[0m	minioHandler/Minio.go:69	tiktokvideos æ¡¶å·²å­˜åœ¨
2023-08-22T09:32:23.294+0800	[34mINFO[0m	common/database.go:51	dbè¿æ¥æˆåŠŸ
2023-08-22T09:32:23.342+0800	[34mINFO[0m	common/database.go:61	æ•°æ®åº“åˆå§‹åŒ–æˆåŠŸ
2023-08-22T09:32:23.383+0800	[34mINFO[0m	common/redisCache.go:71	redisè¿æ¥æˆåŠŸ
2023-08-22T09:33:08.337+0800	[34mINFO[0m	middleware/TokenMiddleware.go:67	è·å–ç”¨æˆ·tokenæˆåŠŸ
2023-08-22T09:33:08.340+0800	[34mINFO[0m	middleware/TokenMiddleware.go:67	è·å–ç”¨æˆ·tokenæˆåŠŸ
2023-08-22T09:33:34.633+0800	[34mINFO[0m	middleware/TokenMiddleware.go:67	è·å–ç”¨æˆ·tokenæˆåŠŸ
2023-08-22T09:33:34.642+0800	[34mINFO[0m	controller/videoController.go:95	è§†é¢‘å·²ç»ä¿å­˜åˆ°æœ¬åœ°
2023-08-22T09:33:34.643+0800	[34mINFO[0m	minioHandler/Minio.go:89	Minioå¼€å§‹ä¸Šä¼ æ–‡ä»¶
2023-08-22T09:33:34.643+0800	[34mINFO[0m	minioHandler/Minio.go:108	filenameï¼š 2_1692668014.mp4
2023-08-22T09:33:34.643+0800	[34mINFO[0m	minioHandler/Minio.go:109	bucketnameï¼š tiktokvideos
2023-08-22T09:33:34.643+0800	[34mINFO[0m	minioHandler/Minio.go:110	æ–‡ä»¶è·¯å¾„filepathï¼š D:\1\videos\VID_20230502_100423.mp4
2023-08-22T09:33:34.683+0800	[34mINFO[0m	minioHandler/Minio.go:119	æ›´æ–° æ–‡ä»¶æˆåŠŸï¼Œæ–‡ä»¶å:%s{0xc0003e2df0 [50 95 49 54 57 50 54 54 56 48 49 52 46 109 112 52]}
2023-08-22T09:33:34.684+0800	[34mINFO[0m	service/videoService.go:60	VideoPath: D:\1\videos\VID_20230502_100423.mp4   ouputPath: D:\1\imgs\VID_20230502_100423.jpg
2023-08-22T09:33:34.948+0800	[34mINFO[0m	service/videoService.go:70	è§†é¢‘æˆªå›¾å·²ä¿å­˜åˆ°D:\1\imgs\VID_20230502_100423.jpg
2023-08-22T09:33:34.948+0800	[34mINFO[0m	minioHandler/Minio.go:89	Minioå¼€å§‹ä¸Šä¼ æ–‡ä»¶
2023-08-22T09:33:34.949+0800	[34mINFO[0m	minioHandler/Minio.go:108	filenameï¼š 2_1692668014.jpg
2023-08-22T09:33:34.949+0800	[34mINFO[0m	minioHandler/Minio.go:109	bucketnameï¼š tiktokimages
2023-08-22T09:33:34.949+0800	[34mINFO[0m	minioHandler/Minio.go:110	æ–‡ä»¶è·¯å¾„filepathï¼š D:\1\imgs\VID_20230502_100423.jpg
2023-08-22T09:33:34.957+0800	[34mINFO[0m	minioHandler/Minio.go:119	æ›´æ–° æ–‡ä»¶æˆåŠŸï¼Œæ–‡ä»¶å:%s{0xc0003f8df0 [50 95 49 54 57 50 54 54 56 48 49 52 46 106 112 103]}
2023-08-22T09:33:34.988+0800	[34mINFO[0m	controller/videoController.go:122	ä¸Šä¼ è§†é¢‘æˆåŠŸ
2023-08-22T09:33:36.188+0800	[34mINFO[0m	middleware/TokenMiddleware.go:67	è·å–ç”¨æˆ·tokenæˆåŠŸ
2023-08-22T09:33:36.188+0800	[34mINFO[0m	middleware/TokenMiddleware.go:67	è·å–ç”¨æˆ·tokenæˆåŠŸ
2023-08-22T09:33:40.528+0800	[34mINFO[0m	middleware/TokenMiddleware.go:67	è·å–ç”¨æˆ·tokenæˆåŠŸ
2023-08-22T09:33:40.528+0800	[34mINFO[0m	middleware/TokenMiddleware.go:67	è·å–ç”¨æˆ·tokenæˆåŠŸ
2023-08-22T09:33:41.086+0800	[34mINFO[0m	middleware/TokenMiddleware.go:67	è·å–ç”¨æˆ·tokenæˆåŠŸ
2023-08-22T09:33:41.086+0800	[34mINFO[0m	middleware/TokenMiddleware.go:67	è·å–ç”¨æˆ·tokenæˆåŠŸ
2023-08-22T09:33:41.673+0800	[34mINFO[0m	middleware/TokenMiddleware.go:67	è·å–ç”¨æˆ·tokenæˆåŠŸ
2023-08-22T09:33:41.673+0800	[34mINFO[0m	middleware/TokenMiddleware.go:67	è·å–ç”¨æˆ·tokenæˆåŠŸ
2023-08-22T09:33:41.861+0800	[34mINFO[0m	middleware/TokenMiddleware.go:67	è·å–ç”¨æˆ·tokenæˆåŠŸ
2023-08-22T09:33:41.862+0800	[34mINFO[0m	middleware/TokenMiddleware.go:67	è·å–ç”¨æˆ·tokenæˆåŠŸ
2023-08-22T09:33:42.241+0800	[34mINFO[0m	middleware/TokenMiddleware.go:67	è·å–ç”¨æˆ·tokenæˆåŠŸ
2023-08-22T09:33:42.241+0800	[34mINFO[0m	middleware/TokenMiddleware.go:67	è·å–ç”¨æˆ·tokenæˆåŠŸ
2023-08-22T09:33:42.612+0800	[34mINFO[0m	middleware/TokenMiddleware.go:67	è·å–ç”¨æˆ·tokenæˆåŠŸ
2023-08-22T09:33:42.612+0800	[34mINFO[0m	middleware/TokenMiddleware.go:67	è·å–ç”¨æˆ·tokenæˆåŠŸ
2023-08-22T09:33:42.986+0800	[34mINFO[0m	middleware/TokenMiddleware.go:67	è·å–ç”¨æˆ·tokenæˆåŠŸ
2023-08-22T09:33:42.987+0800	[34mINFO[0m	middleware/TokenMiddleware.go:67	è·å–ç”¨æˆ·tokenæˆåŠŸ
2023-08-22T09:33:43.317+0800	[34mINFO[0m	middleware/TokenMiddleware.go:67	è·å–ç”¨æˆ·tokenæˆåŠŸ
2023-08-22T09:33:43.318+0800	[34mINFO[0m	middleware/TokenMiddleware.go:67	è·å–ç”¨æˆ·tokenæˆåŠŸ
2023-08-22T09:33:43.866+0800	[34mINFO[0m	middleware/TokenMiddleware.go:67	è·å–ç”¨æˆ·tokenæˆåŠŸ
2023-08-22T09:33:43.867+0800	[34mINFO[0m	middleware/TokenMiddleware.go:67	è·å–ç”¨æˆ·tokenæˆåŠŸ
2023-08-22T09:33:44.374+0800	[34mINFO[0m	middleware/TokenMiddleware.go:67	è·å–ç”¨æˆ·tokenæˆåŠŸ
2023-08-22T09:33:44.374+0800	[34mINFO[0m	middleware/TokenMiddleware.go:67	è·å–ç”¨æˆ·tokenæˆåŠŸ
2023-08-22T09:33:44.701+0800	[34mINFO[0m	middleware/TokenMiddleware.go:67	è·å–ç”¨æˆ·tokenæˆåŠŸ
2023-08-22T09:33:44.701+0800	[34mINFO[0m	middleware/TokenMiddleware.go:67	è·å–ç”¨æˆ·tokenæˆåŠŸ
2023-08-22T09:33:45.365+0800	[34mINFO[0m	middleware/TokenMiddleware.go:67	è·å–ç”¨æˆ·tokenæˆåŠŸ
2023-08-22T09:33:45.366+0800	[34mINFO[0m	middleware/TokenMiddleware.go:67	è·å–ç”¨æˆ·tokenæˆåŠŸ
2023-08-22T09:33:45.823+0800	[34mINFO[0m	middleware/TokenMiddleware.go:67	è·å–ç”¨æˆ·tokenæˆåŠŸ
2023-08-22T09:33:45.823+0800	[34mINFO[0m	middleware/TokenMiddleware.go:67	è·å–ç”¨æˆ·tokenæˆåŠŸ
2023-08-22T09:33:46.262+0800	[34mINFO[0m	middleware/TokenMiddleware.go:67	è·å–ç”¨æˆ·tokenæˆåŠŸ
2023-08-22T09:33:46.263+0800	[34mINFO[0m	middleware/TokenMiddleware.go:67	è·å–ç”¨æˆ·tokenæˆåŠŸ
2023-08-22T09:33:46.800+0800	[34mINFO[0m	middleware/TokenMiddleware.go:67	è·å–ç”¨æˆ·tokenæˆåŠŸ
2023-08-22T09:33:46.800+0800	[34mINFO[0m	middleware/TokenMiddleware.go:67	è·å–ç”¨æˆ·tokenæˆåŠŸ
2023-08-22T09:33:47.306+0800	[34mINFO[0m	middleware/TokenMiddleware.go:67	è·å–ç”¨æˆ·tokenæˆåŠŸ
2023-08-22T09:33:47.307+0800	[34mINFO[0m	middleware/TokenMiddleware.go:67	è·å–ç”¨æˆ·tokenæˆåŠŸ
2023-08-22T09:33:47.927+0800	[34mINFO[0m	middleware/TokenMiddleware.go:67	è·å–ç”¨æˆ·tokenæˆåŠŸ
2023-08-22T09:33:47.927+0800	[34mINFO[0m	middleware/TokenMiddleware.go:67	è·å–ç”¨æˆ·tokenæˆåŠŸ
2023-08-22T09:33:48.345+0800	[34mINFO[0m	middleware/TokenMiddleware.go:67	è·å–ç”¨æˆ·tokenæˆåŠŸ
2023-08-22T09:33:48.345+0800	[34mINFO[0m	middleware/TokenMiddleware.go:67	è·å–ç”¨æˆ·tokenæˆåŠŸ
2023-08-22T09:33:48.965+0800	[34mINFO[0m	middleware/TokenMiddleware.go:67	è·å–ç”¨æˆ·tokenæˆåŠŸ
2023-08-22T09:33:48.965+0800	[34mINFO[0m	middleware/TokenMiddleware.go:67	è·å–ç”¨æˆ·tokenæˆåŠŸ
2023-08-22T09:33:49.436+0800	[34mINFO[0m	middleware/TokenMiddleware.go:67	è·å–ç”¨æˆ·tokenæˆåŠŸ
2023-08-22T09:33:49.437+0800	[34mINFO[0m	middleware/TokenMiddleware.go:67	è·å–ç”¨æˆ·tokenæˆåŠŸ
2023-08-22T09:33:49.910+0800	[34mINFO[0m	middleware/TokenMiddleware.go:67	è·å–ç”¨æˆ·tokenæˆåŠŸ
2023-08-22T09:33:49.910+0800	[34mINFO[0m	middleware/TokenMiddleware.go:67	è·å–ç”¨æˆ·tokenæˆåŠŸ
2023-08-22T09:33:50.183+0800	[34mINFO[0m	middleware/TokenMiddleware.go:67	è·å–ç”¨æˆ·tokenæˆåŠŸ
2023-08-22T09:33:50.183+0800	[34mINFO[0m	middleware/TokenMiddleware.go:67	è·å–ç”¨æˆ·tokenæˆåŠŸ
2023-08-22T09:33:50.682+0800	[34mINFO[0m	middleware/TokenMiddleware.go:67	è·å–ç”¨æˆ·tokenæˆåŠŸ
2023-08-22T09:33:50.683+0800	[34mINFO[0m	middleware/TokenMiddleware.go:67	è·å–ç”¨æˆ·tokenæˆåŠŸ
2023-08-22T09:33:50.812+0800	[34mINFO[0m	middleware/TokenMiddleware.go:67	è·å–ç”¨æˆ·tokenæˆåŠŸ
2023-08-22T09:33:50.812+0800	[34mINFO[0m	middleware/TokenMiddleware.go:67	è·å–ç”¨æˆ·tokenæˆåŠŸ
